2025-05-18 05:36:05 Loading main app package /usr/lib/obsidian/resources/obsidian.asar
2025-05-18 05:36:06 Checking for update using Github
2025-05-18 05:36:06 Success.
2025-05-18 05:36:06 Latest version is 1.8.10
2025-05-18 05:36:06 Downloading update from https://github.com/obsidianmd/obsidian-releases/releases/download/v1.8.10/obsidian-1.8.10.asar.gz
2025-05-18 05:36:12 Verifying hash & signature. Size= 8128788
2025-05-18 05:36:12 Saving file
2025-05-18 05:36:12 Update complete.
2025-05-18 06:06:19 Loading updated app package /home/pwner/.config/obsidian/obsidian-1.8.10.asar
2025-05-18 06:06:20 Checking for update using Github
2025-05-18 06:06:20 Success.
2025-05-18 06:06:20 Latest version is 1.8.10
2025-05-18 06:06:20 App is up to date.
2025-05-18 06:09:29 Loading updated app package /home/pwner/.config/obsidian/obsidian-1.8.10.asar
2025-05-18 06:09:30 Checking for update using Github
2025-05-18 06:09:32 Success.
2025-05-18 06:09:32 Latest version is 1.8.10
2025-05-18 06:09:32 App is up to date.
2025-05-19 01:17:32 Loading updated app package /home/pwner/.config/obsidian/obsidian-1.8.10.asar
2025-05-19 01:17:32 Checking for update using Github
2025-05-19 01:17:33 Success.
2025-05-19 01:17:33 Latest version is 1.8.10
2025-05-19 01:17:33 App is up to date.
2025-05-19 01:28:09 Loading updated app package /home/pwner/.config/obsidian/obsidian-1.8.10.asar
2025-05-19 01:28:10 Checking for update using Github
2025-05-19 01:28:14 Success.
2025-05-19 01:28:14 Latest version is 1.8.10
2025-05-19 01:28:14 App is up to date.
2025-05-19 19:23:08 Loading updated app package /home/pwner/.config/obsidian/obsidian-1.8.10.asar
2025-05-19 19:23:08 Checking for update using Github
2025-05-19 19:23:08 Success.
2025-05-19 19:23:08 Latest version is 1.8.10
2025-05-19 19:23:08 App is up to date.
2025-05-19 19:23:27 Loading updated app package /home/pwner/.config/obsidian/obsidian-1.8.10.asar
2025-05-19 19:23:27 Checking for update using Github
2025-05-19 19:23:30 Success.
2025-05-19 19:23:30 Latest version is 1.8.10
2025-05-19 19:23:30 App is up to date.
2025-05-19 20:23:27 Checking for update using Github
2025-05-19 20:23:27 Success.
2025-05-19 20:23:27 Latest version is 1.8.10
2025-05-19 20:23:27 App is up to date.
2025-05-19 21:23:27 Checking for update using Github
2025-05-19 21:23:27 Success.
2025-05-19 21:23:27 Latest version is 1.8.10
2025-05-19 21:23:27 App is up to date.
2025-05-19 22:23:27 Checking for update using Github
2025-05-19 22:23:27 Success.
2025-05-19 22:23:27 Latest version is 1.8.10
2025-05-19 22:23:27 App is up to date.
2025-05-20 21:13:50 Loading updated app package /home/pwner/.config/obsidian/obsidian-1.8.10.asar
2025-05-20 21:13:51 Checking for update using Github
2025-05-20 21:13:54 Success.
2025-05-20 21:13:54 Latest version is 1.8.10
2025-05-20 21:13:54 App is up to date.
2025-05-20 22:13:50 Checking for update using Github
2025-05-20 22:13:51 Success.
2025-05-20 22:13:51 Latest version is 1.8.10
2025-05-20 22:13:51 App is up to date.
2025-05-20 23:13:51 Checking for update using Github
2025-05-20 23:13:51 Success.
2025-05-20 23:13:51 Latest version is 1.8.10
2025-05-20 23:13:51 App is up to date.
2025-05-21 00:13:51 Checking for update using Github
2025-05-21 00:13:51 Success.
2025-05-21 00:13:51 Latest version is 1.8.10
2025-05-21 00:13:51 App is up to date.
2025-05-21 01:13:51 Checking for update using Github
2025-05-21 01:13:51 Success.
2025-05-21 01:13:51 Latest version is 1.8.10
2025-05-21 01:13:51 App is up to date.
